C:\USERS\XXVS0026\DOCUMENTS\VISUAL STUDIO 2012\PROJECTS\WORDPATHS\WORDPATHS\RELEASE\WORDPATHS.PCH
C:\USERS\XXVS0026\DOCUMENTS\VISUAL STUDIO 2012\PROJECTS\WORDPATHS\WORDPATHS\RELEASE\STDAFX.OBJ
C:\USERS\XXVS0026\DOCUMENTS\VISUAL STUDIO 2012\PROJECTS\WORDPATHS\WORDPATHS\RELEASE\VC110.PDB
C:\USERS\XXVS0026\DOCUMENTS\VISUAL STUDIO 2012\PROJECTS\WORDPATHS\WORDPATHS\RELEASE\WORDPATHS.OBJ
C:\USERS\XXVS0026\DOCUMENTS\VISUAL STUDIO 2012\PROJECTS\WORDPATHS\WORDPATHS\RELEASE\NODE.OBJ
C:\USERS\XXVS0026\DOCUMENTS\VISUAL STUDIO 2012\PROJECTS\WORDPATHS\WORDPATHS\RELEASE\FUNCTIONS.OBJ
C:\USERS\XXVS0026\DOCUMENTS\VISUAL STUDIO 2012\PROJECTS\WORDPATHS\RELEASE\WORDPATHS.EXE
C:\USERS\XXVS0026\DOCUMENTS\VISUAL STUDIO 2012\PROJECTS\WORDPATHS\RELEASE\WORDPATHS.PDB
C:\USERS\XXVS0026\DOCUMENTS\VISUAL STUDIO 2012\PROJECTS\WORDPATHS\WORDPATHS\RELEASE\WORDPATHS.RES
C:\Users\xxvs0026\Documents\Visual Studio 2012\Projects\WordPaths\WordPaths\Release\functions.obj
C:\Users\xxvs0026\Documents\Visual Studio 2012\Projects\WordPaths\WordPaths\Release\Node.obj
C:\Users\xxvs0026\Documents\Visual Studio 2012\Projects\WordPaths\WordPaths\Release\stdafx.obj
C:\Users\xxvs0026\Documents\Visual Studio 2012\Projects\WordPaths\WordPaths\Release\WordPaths.obj
C:\Users\xxvs0026\Documents\Visual Studio 2012\Projects\WordPaths\WordPaths\Release\cl.command.1.tlog
C:\Users\xxvs0026\Documents\Visual Studio 2012\Projects\WordPaths\WordPaths\Release\CL.read.1.tlog
C:\Users\xxvs0026\Documents\Visual Studio 2012\Projects\WordPaths\WordPaths\Release\CL.write.1.tlog
C:\Users\xxvs0026\Documents\Visual Studio 2012\Projects\WordPaths\WordPaths\Release\link-cvtres.read.1.tlog
C:\Users\xxvs0026\Documents\Visual Studio 2012\Projects\WordPaths\WordPaths\Release\link-cvtres.write.1.tlog
C:\Users\xxvs0026\Documents\Visual Studio 2012\Projects\WordPaths\WordPaths\Release\link-rc.read.1.tlog
C:\Users\xxvs0026\Documents\Visual Studio 2012\Projects\WordPaths\WordPaths\Release\link-rc.write.1.tlog
C:\Users\xxvs0026\Documents\Visual Studio 2012\Projects\WordPaths\WordPaths\Release\link.command.1.tlog
C:\Users\xxvs0026\Documents\Visual Studio 2012\Projects\WordPaths\WordPaths\Release\link.read.1.tlog
C:\Users\xxvs0026\Documents\Visual Studio 2012\Projects\WordPaths\WordPaths\Release\link.write.1.tlog
C:\Users\xxvs0026\Documents\Visual Studio 2012\Projects\WordPaths\WordPaths\Release\rc.command.1.tlog
C:\Users\xxvs0026\Documents\Visual Studio 2012\Projects\WordPaths\WordPaths\Release\rc.read.1.tlog
C:\Users\xxvs0026\Documents\Visual Studio 2012\Projects\WordPaths\WordPaths\Release\rc.write.1.tlog
C:\Users\xxvs0026\Documents\Visual Studio 2012\Projects\WordPaths\WordPaths\Release\WordPaths.res
C:\Users\xxvs0026\Documents\Visual Studio 2012\Projects\WordPaths\WordPaths\Release\WordPaths.pch
C:\Users\xxvs0026\Documents\Visual Studio 2012\Projects\WordPaths\WordPaths\Release\vc110.pdb
C:\Users\xxvs0026\Documents\Visual Studio 2012\Projects\WordPaths\Release\WordPaths.pdb
C:\Users\xxvs0026\Documents\Visual Studio 2012\Projects\WordPaths\Release\WordPaths.exe
