C:\USERS\XXVS0026\DOCUMENTS\VISUAL STUDIO 2012\PROJECTS\WORDPATHS\WORDPATHS\DEBUG\WORDPATHS.PCH
C:\USERS\XXVS0026\DOCUMENTS\VISUAL STUDIO 2012\PROJECTS\WORDPATHS\WORDPATHS\DEBUG\STDAFX.OBJ
C:\USERS\XXVS0026\DOCUMENTS\VISUAL STUDIO 2012\PROJECTS\WORDPATHS\WORDPATHS\DEBUG\VC110.PDB
C:\USERS\XXVS0026\DOCUMENTS\VISUAL STUDIO 2012\PROJECTS\WORDPATHS\WORDPATHS\DEBUG\FUNCTIONS.OBJ
C:\USERS\XXVS0026\DOCUMENTS\VISUAL STUDIO 2012\PROJECTS\WORDPATHS\WORDPATHS\DEBUG\NODE.OBJ
C:\USERS\XXVS0026\DOCUMENTS\VISUAL STUDIO 2012\PROJECTS\WORDPATHS\WORDPATHS\DEBUG\WORDPATHS.OBJ
C:\USERS\XXVS0026\DOCUMENTS\VISUAL STUDIO 2012\PROJECTS\WORDPATHS\DEBUG\WORDPATHS.ILK
C:\USERS\XXVS0026\DOCUMENTS\VISUAL STUDIO 2012\PROJECTS\WORDPATHS\DEBUG\WORDPATHS.EXE
C:\USERS\XXVS0026\DOCUMENTS\VISUAL STUDIO 2012\PROJECTS\WORDPATHS\DEBUG\WORDPATHS.PDB
C:\USERS\XXVS0026\DOCUMENTS\VISUAL STUDIO 2012\PROJECTS\WORDPATHS\WORDPATHS\DEBUG\WORDPATHS.RES
C:\Users\xxvs0026\Documents\Visual Studio 2012\Projects\WordPaths\WordPaths\Debug\functions.obj
C:\Users\xxvs0026\Documents\Visual Studio 2012\Projects\WordPaths\WordPaths\Debug\Node.obj
C:\Users\xxvs0026\Documents\Visual Studio 2012\Projects\WordPaths\WordPaths\Debug\stdafx.obj
C:\Users\xxvs0026\Documents\Visual Studio 2012\Projects\WordPaths\WordPaths\Debug\WordPaths.obj
C:\Users\xxvs0026\Documents\Visual Studio 2012\Projects\WordPaths\WordPaths\Debug\cl.command.1.tlog
C:\Users\xxvs0026\Documents\Visual Studio 2012\Projects\WordPaths\WordPaths\Debug\CL.read.1.tlog
C:\Users\xxvs0026\Documents\Visual Studio 2012\Projects\WordPaths\WordPaths\Debug\CL.write.1.tlog
C:\Users\xxvs0026\Documents\Visual Studio 2012\Projects\WordPaths\WordPaths\Debug\link-cvtres.read.1.tlog
C:\Users\xxvs0026\Documents\Visual Studio 2012\Projects\WordPaths\WordPaths\Debug\link-cvtres.write.1.tlog
C:\Users\xxvs0026\Documents\Visual Studio 2012\Projects\WordPaths\WordPaths\Debug\link-rc.read.1.tlog
C:\Users\xxvs0026\Documents\Visual Studio 2012\Projects\WordPaths\WordPaths\Debug\link-rc.write.1.tlog
C:\Users\xxvs0026\Documents\Visual Studio 2012\Projects\WordPaths\WordPaths\Debug\link.command.1.tlog
C:\Users\xxvs0026\Documents\Visual Studio 2012\Projects\WordPaths\WordPaths\Debug\link.read.1.tlog
C:\Users\xxvs0026\Documents\Visual Studio 2012\Projects\WordPaths\WordPaths\Debug\link.write.1.tlog
C:\Users\xxvs0026\Documents\Visual Studio 2012\Projects\WordPaths\WordPaths\Debug\rc.command.1.tlog
C:\Users\xxvs0026\Documents\Visual Studio 2012\Projects\WordPaths\WordPaths\Debug\rc.read.1.tlog
C:\Users\xxvs0026\Documents\Visual Studio 2012\Projects\WordPaths\WordPaths\Debug\rc.write.1.tlog
C:\Users\xxvs0026\Documents\Visual Studio 2012\Projects\WordPaths\WordPaths\Debug\WordPaths.res
C:\Users\xxvs0026\Documents\Visual Studio 2012\Projects\WordPaths\WordPaths\Debug\WordPaths.pch
C:\Users\xxvs0026\Documents\Visual Studio 2012\Projects\WordPaths\WordPaths\Debug\vc110.idb
C:\Users\xxvs0026\Documents\Visual Studio 2012\Projects\WordPaths\WordPaths\Debug\vc110.pdb
C:\Users\xxvs0026\Documents\Visual Studio 2012\Projects\WordPaths\Debug\WordPaths.pdb
C:\Users\xxvs0026\Documents\Visual Studio 2012\Projects\WordPaths\Debug\WordPaths.exe
C:\Users\xxvs0026\Documents\Visual Studio 2012\Projects\WordPaths\Debug\WordPaths.ilk
